\BOOKMARK [1][-]{section.1}{\376\377\000\332\000v\000o\000d}{}% 1
\BOOKMARK [1][-]{section.2}{\376\377\000V\000\375\000s\000k\000u\000m\000n\000\351\000\040\000\372\000l\000o\000h\000y}{}% 2
\BOOKMARK [1][-]{section.3}{\376\377\000Z\000\341\000k\000l\000a\000d\000y\000\040\000p\000\355\000s\000a\000n\000i\000a\000\040\000r\000e\000g\000u\000l\000\341\000r\000n\000y\000c\000h\000\040\000v\000\375\000r\000a\000z\000o\000v}{}% 3
\BOOKMARK [2][-]{subsection.3.1}{\376\377\000A\000k\000o\000\040\000v\000y\000z\000e\000r\000\341\000\040\000r\000e\000g\000u\000l\000\341\000r\000n\000y\000\040\000v\000\375\000r\000a\000z\000?}{section.3}% 4
\BOOKMARK [2][-]{subsection.3.2}{\376\377\000A\000k\000o\000\040\001\015\000\355\000t\000a\001\145\000\040\000\050\000a\000\040\000z\000a\000p\000i\000s\000o\000v\000a\001\145\000\051\000\040\000r\000e\000g\000u\000l\000\341\000r\000n\000e\000\040\000v\000\375\000r\000a\000z\000y}{section.3}% 5
\BOOKMARK [3][-]{subsubsection.3.2.1}{\376\377\000K\000v\000a\000n\000t\000o\000r\000y}{subsection.3.2}% 6
\BOOKMARK [3][-]{subsubsection.3.2.2}{\376\377\000C\000h\000a\000m\000t\000i\000v\000\351\000\040\000p\000o\000r\000o\000v\000n\000\341\000v\000a\000n\000i\000e}{subsection.3.2}% 7
\BOOKMARK [3][-]{subsubsection.3.2.3}{\376\377\000Z\000b\000i\000e\000r\000k\000y\000\040\000v\000z\000o\000r\000o\000v}{subsection.3.2}% 8
\BOOKMARK [3][-]{subsubsection.3.2.4}{\376\377\000V\001\141\000e\000o\000b\000e\000c\000n\000\351\000\040\000t\000o\000k\000e\000n\000y}{subsection.3.2}% 9
\BOOKMARK [1][-]{section.4}{\376\377\001\140\000t\000\372\000d\000i\000a\000\040\000o\000\040\000z\000r\000o\000z\000u\000m\000i\000t\000e\001\076\000n\000o\000s\000t\000i}{}% 10
\BOOKMARK [2][-]{subsection.4.1}{\376\377\000M\000e\000t\000r\000i\000k\000y}{section.4}% 11
\BOOKMARK [3][-]{subsubsection.4.1.1}{\376\377\000Z\000o\000d\000p\000o\000v\000e\000d\000a\000n\000i\000e}{subsection.4.1}% 12
\BOOKMARK [3][-]{subsubsection.4.1.2}{\376\377\000Z\000l\000o\001\176\000e\000n\000i\000e}{subsection.4.1}% 13
\BOOKMARK [3][-]{subsubsection.4.1.3}{\376\377\000D\001\072\001\176\000k\000a\000\040\000r\000e\000g\000e\000x\000u}{subsection.4.1}% 14
\BOOKMARK [3][-]{subsubsection.4.1.4}{\376\377\000V\000e\001\076\000k\000o\000s\001\145\000\040\000D\000F\000A}{subsection.4.1}% 15
\BOOKMARK [2][-]{subsection.4.2}{\376\377\000D\000i\000z\000a\000j\000n}{section.4}% 16
\BOOKMARK [3][-]{subsubsection.4.2.1}{\376\377\000K\000v\000a\000l\000i\000f\000i\000k\000\341\000c\000i\000a\000\040\000p\000r\000a\000c\000o\000v\000n\000\355\000k\000a}{subsection.4.2}% 17
\BOOKMARK [3][-]{subsubsection.4.2.2}{\376\377\000\332\000l\000o\000h\000y}{subsection.4.2}% 18
\BOOKMARK [3][-]{subsubsection.4.2.3}{\376\377\000I\000m\000p\000l\000e\000m\000e\000n\000t\000\341\000c\000i\000a}{subsection.4.2}% 19
\BOOKMARK [3][-]{subsubsection.4.2.4}{\376\377\000\332\001\015\000a\000s\000t\000n\000\355\000c\000i}{subsection.4.2}% 20
\BOOKMARK [2][-]{subsection.4.3}{\376\377\000A\000n\000a\000l\000\375\000z\000a}{section.4}% 21
\BOOKMARK [2][-]{subsection.4.4}{\376\377\000V\000\375\000s\000l\000e\000d\000k\000y}{section.4}% 22
\BOOKMARK [2][-]{subsection.4.5}{\376\377\000Z\000h\000r\000n\000u\000t\000i\000e}{section.4}% 23
\BOOKMARK [1][-]{section.5}{\376\377\000Z\000\341\000v\000e\000r}{}% 24
